GowinSynthesis start
Running parser ...
Analyzing Verilog file 'C:\Users\pchulaka\Desktop\Documents\GOWIN-FPGA-Project\onekiwi_decled\src\decled.sv'
Analyzing Verilog file 'C:\Users\pchulaka\Desktop\Documents\GOWIN-FPGA-Project\onekiwi_decled\src\drv7seg4.sv'
Analyzing Verilog file 'C:\Users\pchulaka\Desktop\Documents\GOWIN-FPGA-Project\onekiwi_decled\src\test_decled.sv'
Compiling module 'test_decled'("C:\Users\pchulaka\Desktop\Documents\GOWIN-FPGA-Project\onekiwi_decled\src\test_decled.sv":1)
Compiling module 'decled'("C:\Users\pchulaka\Desktop\Documents\GOWIN-FPGA-Project\onekiwi_decled\src\decled.sv":1)
Compiling module 'drv7seg4'("C:\Users\pchulaka\Desktop\Documents\GOWIN-FPGA-Project\onekiwi_decled\src\drv7seg4.sv":1)
NOTE  (EX0101) : Current top module is "test_decled"
[5%] Running netlist conversion ...
Running device independent optimization ...
[10%] Optimizing Phase 0 completed
[15%] Optimizing Phase 1 completed
[25%] Optimizing Phase 2 completed
Running inference ...
[30%] Inferring Phase 0 completed
[40%] Inferring Phase 1 completed
[50%] Inferring Phase 2 completed
[55%] Inferring Phase 3 completed
Running technical mapping ...
[60%] Tech-Mapping Phase 0 completed
[65%] Tech-Mapping Phase 1 completed
[75%] Tech-Mapping Phase 2 completed
[80%] Tech-Mapping Phase 3 completed
[90%] Tech-Mapping Phase 4 completed
[95%] Generate netlist file "C:\Users\pchulaka\Desktop\Documents\GOWIN-FPGA-Project\onekiwi_decled\impl\gwsynthesis\onekiwi_decled.vg" completed
[100%] Generate report file "C:\Users\pchulaka\Desktop\Documents\GOWIN-FPGA-Project\onekiwi_decled\impl\gwsynthesis\onekiwi_decled_syn.rpt.html" completed
GowinSynthesis finish
