Reading netlist file: "C:\Users\pchulaka\Desktop\Documents\GOWIN-FPGA-Project\onekiwi_drv7seg4\impl\gwsynthesis\onekiwi_drv7seg4.vg"
Parsing netlist file "C:\Users\pchulaka\Desktop\Documents\GOWIN-FPGA-Project\onekiwi_drv7seg4\impl\gwsynthesis\onekiwi_drv7seg4.vg" completed
Processing netlist completed
Reading constraint file: "C:\Users\pchulaka\Desktop\Documents\GOWIN-FPGA-Project\onekiwi_drv7seg4\src\onekiwi_drv7seg4.cst"
Physical Constraint parsed completed
Running placement......
[10%] Placement Phase 0 completed
[20%] Placement Phase 1 completed
[30%] Placement Phase 2 completed
[50%] Placement Phase 3 completed
Running routing......
[60%] Routing Phase 0 completed
[70%] Routing Phase 1 completed
[80%] Routing Phase 2 completed
[90%] Routing Phase 3 completed
Running timing analysis......
[95%] Timing analysis completed
Placement and routing completed
Bitstream generation in progress......
Bitstream generation completed
Running power analysis......
[100%] Power analysis completed
Generate file "C:\Users\pchulaka\Desktop\Documents\GOWIN-FPGA-Project\onekiwi_drv7seg4\impl\pnr\onekiwi_drv7seg4.power.html" completed
Generate file "C:\Users\pchulaka\Desktop\Documents\GOWIN-FPGA-Project\onekiwi_drv7seg4\impl\pnr\onekiwi_drv7seg4.pin.html" completed
Generate file "C:\Users\pchulaka\Desktop\Documents\GOWIN-FPGA-Project\onekiwi_drv7seg4\impl\pnr\onekiwi_drv7seg4.rpt.html" completed
Generate file "C:\Users\pchulaka\Desktop\Documents\GOWIN-FPGA-Project\onekiwi_drv7seg4\impl\pnr\onekiwi_drv7seg4.rpt.txt" completed
Generate file "C:\Users\pchulaka\Desktop\Documents\GOWIN-FPGA-Project\onekiwi_drv7seg4\impl\pnr\onekiwi_drv7seg4.tr.html" completed
Fri Aug  1 16:05:33 2025

