Reading netlist file: "C:\Users\pchulaka\Desktop\Documents\GOWIN-FPGA-Project\onekiwi_organ\impl\gwsynthesis\onekiwi_organ.vg"
Parsing netlist file "C:\Users\pchulaka\Desktop\Documents\GOWIN-FPGA-Project\onekiwi_organ\impl\gwsynthesis\onekiwi_organ.vg" completed
Processing netlist completed
Reading constraint file: "C:\Users\pchulaka\Desktop\Documents\GOWIN-FPGA-Project\onekiwi_organ\src\onekiwi_organ.cst"
Physical Constraint parsed completed
Running placement......
[10%] Placement Phase 0 completed
[20%] Placement Phase 1 completed
[30%] Placement Phase 2 completed
WARN  (TA1132) :  'clk' was determined to be a clock but was not created.
WARN  (TA1132) :  'clk50hz' was determined to be a clock but was not created.
WARN  (TA1132) :  'clk270hz' was determined to be a clock but was not created.
[50%] Placement Phase 3 completed
Running routing......
[60%] Routing Phase 0 completed
[70%] Routing Phase 1 completed
[80%] Routing Phase 2 completed
[90%] Routing Phase 3 completed
Running timing analysis......
[95%] Timing analysis completed
Placement and routing completed
Bitstream generation in progress......
Bitstream generation completed
Running power analysis......
[100%] Power analysis completed
Generate file "C:\Users\pchulaka\Desktop\Documents\GOWIN-FPGA-Project\onekiwi_organ\impl\pnr\onekiwi_organ.power.html" completed
Generate file "C:\Users\pchulaka\Desktop\Documents\GOWIN-FPGA-Project\onekiwi_organ\impl\pnr\onekiwi_organ.pin.html" completed
Generate file "C:\Users\pchulaka\Desktop\Documents\GOWIN-FPGA-Project\onekiwi_organ\impl\pnr\onekiwi_organ.rpt.html" completed
Generate file "C:\Users\pchulaka\Desktop\Documents\GOWIN-FPGA-Project\onekiwi_organ\impl\pnr\onekiwi_organ.rpt.txt" completed
Generate file "C:\Users\pchulaka\Desktop\Documents\GOWIN-FPGA-Project\onekiwi_organ\impl\pnr\onekiwi_organ.tr.html" completed
Thu Aug  7 13:13:56 2025

