GowinSynthesis start
Running parser ...
Analyzing Verilog file 'C:\Users\pchulaka\Desktop\Documents\GOWIN-FPGA-Project\onekiwi_matrix_key\src\matrix_key.sv'
Analyzing Verilog file 'C:\Users\pchulaka\Desktop\Documents\GOWIN-FPGA-Project\onekiwi_matrix_key\src\test_matrix_key.sv'
Analyzing Verilog file 'C:\Users\pchulaka\Desktop\Documents\GOWIN-FPGA-Project\onekiwi_matrix_key\src\clkdiv.sv'
Analyzing Verilog file 'C:\Users\pchulaka\Desktop\Documents\GOWIN-FPGA-Project\onekiwi_matrix_key\src\drv7seg4.sv'
Analyzing Verilog file 'C:\Users\pchulaka\Desktop\Documents\GOWIN-FPGA-Project\onekiwi_matrix_key\src\dec16to4.sv'
Compiling module 'test_matrix_key'("C:\Users\pchulaka\Desktop\Documents\GOWIN-FPGA-Project\onekiwi_matrix_key\src\test_matrix_key.sv":1)
Compiling module 'clkdiv'("C:\Users\pchulaka\Desktop\Documents\GOWIN-FPGA-Project\onekiwi_matrix_key\src\clkdiv.sv":1)
Compiling module 'matrix_key'("C:\Users\pchulaka\Desktop\Documents\GOWIN-FPGA-Project\onekiwi_matrix_key\src\matrix_key.sv":1)
Compiling module 'dec16to4'("C:\Users\pchulaka\Desktop\Documents\GOWIN-FPGA-Project\onekiwi_matrix_key\src\dec16to4.sv":1)
Compiling module 'drv7seg4'("C:\Users\pchulaka\Desktop\Documents\GOWIN-FPGA-Project\onekiwi_matrix_key\src\drv7seg4.sv":1)
NOTE  (EX0101) : Current top module is "test_matrix_key"
[5%] Running netlist conversion ...
Running device independent optimization ...
[10%] Optimizing Phase 0 completed
[15%] Optimizing Phase 1 completed
[25%] Optimizing Phase 2 completed
Running inference ...
[30%] Inferring Phase 0 completed
[40%] Inferring Phase 1 completed
[50%] Inferring Phase 2 completed
[55%] Inferring Phase 3 completed
Running technical mapping ...
[60%] Tech-Mapping Phase 0 completed
[65%] Tech-Mapping Phase 1 completed
[75%] Tech-Mapping Phase 2 completed
[80%] Tech-Mapping Phase 3 completed
[90%] Tech-Mapping Phase 4 completed
[95%] Generate netlist file "C:\Users\pchulaka\Desktop\Documents\GOWIN-FPGA-Project\onekiwi_matrix_key\impl\gwsynthesis\onekiwi_matrix_key.vg" completed
[100%] Generate report file "C:\Users\pchulaka\Desktop\Documents\GOWIN-FPGA-Project\onekiwi_matrix_key\impl\gwsynthesis\onekiwi_matrix_key_syn.rpt.html" completed
GowinSynthesis finish
