Reading netlist file: "C:\Users\pchulaka\Desktop\Documents\GOWIN-FPGA-Project\onekiwi_adder4bit\impl\gwsynthesis\onekiwi_adder4bit.vg"
Parsing netlist file "C:\Users\pchulaka\Desktop\Documents\GOWIN-FPGA-Project\onekiwi_adder4bit\impl\gwsynthesis\onekiwi_adder4bit.vg" completed
Processing netlist completed
Reading constraint file: "C:\Users\pchulaka\Desktop\Documents\GOWIN-FPGA-Project\onekiwi_adder4bit\src\onekiwi_adder4bit.cst"
Physical Constraint parsed completed
Running placement......
[10%] Placement Phase 0 completed
[20%] Placement Phase 1 completed
[30%] Placement Phase 2 completed
WARN  (TA1132) :  'clk' was determined to be a clock but was not created.
WARN  (TA1132) :  'clk_270hz' was determined to be a clock but was not created.
[50%] Placement Phase 3 completed
Running routing......
[60%] Routing Phase 0 completed
[70%] Routing Phase 1 completed
[80%] Routing Phase 2 completed
[90%] Routing Phase 3 completed
Running timing analysis......
[95%] Timing analysis completed
Placement and routing completed
Bitstream generation in progress......
Bitstream generation completed
Running power analysis......
[100%] Power analysis completed
Generate file "C:\Users\pchulaka\Desktop\Documents\GOWIN-FPGA-Project\onekiwi_adder4bit\impl\pnr\onekiwi_adder4bit.power.html" completed
Generate file "C:\Users\pchulaka\Desktop\Documents\GOWIN-FPGA-Project\onekiwi_adder4bit\impl\pnr\onekiwi_adder4bit.pin.html" completed
Generate file "C:\Users\pchulaka\Desktop\Documents\GOWIN-FPGA-Project\onekiwi_adder4bit\impl\pnr\onekiwi_adder4bit.rpt.html" completed
Generate file "C:\Users\pchulaka\Desktop\Documents\GOWIN-FPGA-Project\onekiwi_adder4bit\impl\pnr\onekiwi_adder4bit.rpt.txt" completed
Generate file "C:\Users\pchulaka\Desktop\Documents\GOWIN-FPGA-Project\onekiwi_adder4bit\impl\pnr\onekiwi_adder4bit.tr.html" completed
Mon Aug  4 14:30:50 2025

