Reading netlist file: "C:\Users\pchulaka\Desktop\Documents\GOWIN-FPGA-Project\onekiwi_counter4bit\impl\gwsynthesis\onekiwi_counter4bit.vg"
Parsing netlist file "C:\Users\pchulaka\Desktop\Documents\GOWIN-FPGA-Project\onekiwi_counter4bit\impl\gwsynthesis\onekiwi_counter4bit.vg" completed
Processing netlist completed
Reading constraint file: "C:\Users\pchulaka\Desktop\Documents\GOWIN-FPGA-Project\onekiwi_counter4bit\src\onekiwi_counter4bit.cst"
Physical Constraint parsed completed
Running placement......
[10%] Placement Phase 0 completed
[20%] Placement Phase 1 completed
[30%] Placement Phase 2 completed
WARN  (TA1132) :  'clk' was determined to be a clock but was not created.
WARN  (TA1132) :  'clk_400hz' was determined to be a clock but was not created.
WARN  (TA1132) :  'key_out_Z' was determined to be a clock but was not created.
[50%] Placement Phase 3 completed
Running routing......
[60%] Routing Phase 0 completed
[70%] Routing Phase 1 completed
[80%] Routing Phase 2 completed
[90%] Routing Phase 3 completed
Running timing analysis......
[95%] Timing analysis completed
Placement and routing completed
Bitstream generation in progress......
Bitstream generation completed
Running power analysis......
[100%] Power analysis completed
Generate file "C:\Users\pchulaka\Desktop\Documents\GOWIN-FPGA-Project\onekiwi_counter4bit\impl\pnr\onekiwi_counter4bit.power.html" completed
Generate file "C:\Users\pchulaka\Desktop\Documents\GOWIN-FPGA-Project\onekiwi_counter4bit\impl\pnr\onekiwi_counter4bit.pin.html" completed
Generate file "C:\Users\pchulaka\Desktop\Documents\GOWIN-FPGA-Project\onekiwi_counter4bit\impl\pnr\onekiwi_counter4bit.rpt.html" completed
Generate file "C:\Users\pchulaka\Desktop\Documents\GOWIN-FPGA-Project\onekiwi_counter4bit\impl\pnr\onekiwi_counter4bit.rpt.txt" completed
Generate file "C:\Users\pchulaka\Desktop\Documents\GOWIN-FPGA-Project\onekiwi_counter4bit\impl\pnr\onekiwi_counter4bit.tr.html" completed
Mon Aug  4 16:39:08 2025

