Reading netlist file: "C:\Users\pchulaka\Desktop\Documents\GOWIN-FPGA-Project\mux2\impl\gwsynthesis\mux2.vg"
Parsing netlist file "C:\Users\pchulaka\Desktop\Documents\GOWIN-FPGA-Project\mux2\impl\gwsynthesis\mux2.vg" completed
Processing netlist completed
Reading constraint file: "C:\Users\pchulaka\Desktop\Documents\GOWIN-FPGA-Project\mux2\src\mux2.cst"
Physical Constraint parsed completed
Running placement......
[10%] Placement Phase 0 completed
[20%] Placement Phase 1 completed
[30%] Placement Phase 2 completed
[50%] Placement Phase 3 completed
Running routing......
[60%] Routing Phase 0 completed
[70%] Routing Phase 1 completed
[80%] Routing Phase 2 completed
[90%] Routing Phase 3 completed
Running timing analysis......
[95%] Timing analysis completed
Placement and routing completed
Bitstream generation in progress......
Bitstream generation completed
Running power analysis......
[100%] Power analysis completed
Generate file "C:\Users\pchulaka\Desktop\Documents\GOWIN-FPGA-Project\mux2\impl\pnr\mux2.power.html" completed
Generate file "C:\Users\pchulaka\Desktop\Documents\GOWIN-FPGA-Project\mux2\impl\pnr\mux2.pin.html" completed
Generate file "C:\Users\pchulaka\Desktop\Documents\GOWIN-FPGA-Project\mux2\impl\pnr\mux2.rpt.html" completed
Generate file "C:\Users\pchulaka\Desktop\Documents\GOWIN-FPGA-Project\mux2\impl\pnr\mux2.rpt.txt" completed
Generate file "C:\Users\pchulaka\Desktop\Documents\GOWIN-FPGA-Project\mux2\impl\pnr\mux2.tr.html" completed
Fri Aug  1 16:02:08 2025

