GowinSynthesis start
Running parser ...
Analyzing Verilog file 'C:\Users\pchulaka\Desktop\Documents\GOWIN-FPGA-Project\onekiwi_stopwatch\src\cntr4max.sv'
Analyzing Verilog file 'C:\Users\pchulaka\Desktop\Documents\GOWIN-FPGA-Project\onekiwi_stopwatch\src\toggle.sv'
Analyzing Verilog file 'C:\Users\pchulaka\Desktop\Documents\GOWIN-FPGA-Project\onekiwi_stopwatch\src\cntr4maxe.sv'
Analyzing Verilog file 'C:\Users\pchulaka\Desktop\Documents\GOWIN-FPGA-Project\onekiwi_stopwatch\src\stopwatch.sv'
Analyzing Verilog file 'C:\Users\pchulaka\Desktop\Documents\GOWIN-FPGA-Project\onekiwi_stopwatch\src\clkdiv.sv'
Analyzing Verilog file 'C:\Users\pchulaka\Desktop\Documents\GOWIN-FPGA-Project\onekiwi_stopwatch\src\debounce.sv'
Analyzing Verilog file 'C:\Users\pchulaka\Desktop\Documents\GOWIN-FPGA-Project\onekiwi_stopwatch\src\mux7seg.sv'
Analyzing Verilog file 'C:\Users\pchulaka\Desktop\Documents\GOWIN-FPGA-Project\onekiwi_stopwatch\src\decled.sv'
Analyzing Verilog file 'C:\Users\pchulaka\Desktop\Documents\GOWIN-FPGA-Project\onekiwi_stopwatch\src\drv7seg4.sv'
Compiling module 'stopwatch'("C:\Users\pchulaka\Desktop\Documents\GOWIN-FPGA-Project\onekiwi_stopwatch\src\stopwatch.sv":1)
Compiling module 'clkdiv'("C:\Users\pchulaka\Desktop\Documents\GOWIN-FPGA-Project\onekiwi_stopwatch\src\clkdiv.sv":1)
Compiling module 'debounce'("C:\Users\pchulaka\Desktop\Documents\GOWIN-FPGA-Project\onekiwi_stopwatch\src\debounce.sv":1)
Compiling module 'toggle'("C:\Users\pchulaka\Desktop\Documents\GOWIN-FPGA-Project\onekiwi_stopwatch\src\toggle.sv":1)
Compiling module 'cntr4maxe'("C:\Users\pchulaka\Desktop\Documents\GOWIN-FPGA-Project\onekiwi_stopwatch\src\cntr4maxe.sv":1)
Compiling module 'cntr4max'("C:\Users\pchulaka\Desktop\Documents\GOWIN-FPGA-Project\onekiwi_stopwatch\src\cntr4max.sv":1)
Compiling module 'decled'("C:\Users\pchulaka\Desktop\Documents\GOWIN-FPGA-Project\onekiwi_stopwatch\src\decled.sv":1)
Compiling module 'drv7seg4'("C:\Users\pchulaka\Desktop\Documents\GOWIN-FPGA-Project\onekiwi_stopwatch\src\drv7seg4.sv":1)
Compiling module 'mux7seg'("C:\Users\pchulaka\Desktop\Documents\GOWIN-FPGA-Project\onekiwi_stopwatch\src\mux7seg.sv":1)
NOTE  (EX0101) : Current top module is "stopwatch"
[5%] Running netlist conversion ...
Running device independent optimization ...
[10%] Optimizing Phase 0 completed
[15%] Optimizing Phase 1 completed
[25%] Optimizing Phase 2 completed
Running inference ...
[30%] Inferring Phase 0 completed
[40%] Inferring Phase 1 completed
[50%] Inferring Phase 2 completed
[55%] Inferring Phase 3 completed
Running technical mapping ...
[60%] Tech-Mapping Phase 0 completed
[65%] Tech-Mapping Phase 1 completed
[75%] Tech-Mapping Phase 2 completed
[80%] Tech-Mapping Phase 3 completed
[90%] Tech-Mapping Phase 4 completed
WARN  (NL0002) : The module "drv7seg4" instantiated to "drv7seg4_inst1" is swept in optimizing("C:\Users\pchulaka\Desktop\Documents\GOWIN-FPGA-Project\onekiwi_stopwatch\src\stopwatch.sv":40)
WARN  (NL0002) : The module "drv7seg4" instantiated to "drv7seg4_inst2" is swept in optimizing("C:\Users\pchulaka\Desktop\Documents\GOWIN-FPGA-Project\onekiwi_stopwatch\src\stopwatch.sv":41)
WARN  (NL0002) : The module "drv7seg4" instantiated to "drv7seg4_inst3" is swept in optimizing("C:\Users\pchulaka\Desktop\Documents\GOWIN-FPGA-Project\onekiwi_stopwatch\src\stopwatch.sv":42)
WARN  (NL0002) : The module "drv7seg4" instantiated to "drv7seg4_inst4" is swept in optimizing("C:\Users\pchulaka\Desktop\Documents\GOWIN-FPGA-Project\onekiwi_stopwatch\src\stopwatch.sv":43)
[95%] Generate netlist file "C:\Users\pchulaka\Desktop\Documents\GOWIN-FPGA-Project\onekiwi_stopwatch\impl\gwsynthesis\onekiwi_stopwatch.vg" completed
[100%] Generate report file "C:\Users\pchulaka\Desktop\Documents\GOWIN-FPGA-Project\onekiwi_stopwatch\impl\gwsynthesis\onekiwi_stopwatch_syn.rpt.html" completed
GowinSynthesis finish
