Reading netlist file: "C:\Users\pchulaka\Desktop\Documents\GOWIN-FPGA-Project\onekiwi_stopwatch\impl\gwsynthesis\onekiwi_stopwatch.vg"
Parsing netlist file "C:\Users\pchulaka\Desktop\Documents\GOWIN-FPGA-Project\onekiwi_stopwatch\impl\gwsynthesis\onekiwi_stopwatch.vg" completed
Processing netlist completed
Parsing netlist file "C:\Users\pchulaka\Desktop\Documents\GOWIN-FPGA-Project\onekiwi_stopwatch\impl\gao\gao.v" completed
Processing netlist completed
Reading constraint file: "C:\Users\pchulaka\Desktop\Documents\GOWIN-FPGA-Project\onekiwi_stopwatch\src\onekiwi_stopwatch.cst"
Physical Constraint parsed completed
Running placement......
[10%] Placement Phase 0 completed
[20%] Placement Phase 1 completed
[30%] Placement Phase 2 completed
WARN  (TA1132) :  'clk' was determined to be a clock but was not created.
WARN  (TA1132) :  'clk400hz' was determined to be a clock but was not created.
WARN  (TA1132) :  'clk270hz' was determined to be a clock but was not created.
[50%] Placement Phase 3 completed
Running routing......
[60%] Routing Phase 0 completed
[70%] Routing Phase 1 completed
[80%] Routing Phase 2 completed
[90%] Routing Phase 3 completed
Running timing analysis......
[95%] Timing analysis completed
Placement and routing completed
Bitstream generation in progress......
Bitstream generation completed
Running power analysis......
[100%] Power analysis completed
Generate file "C:\Users\pchulaka\Desktop\Documents\GOWIN-FPGA-Project\onekiwi_stopwatch\impl\pnr\onekiwi_stopwatch.power.html" completed
Generate file "C:\Users\pchulaka\Desktop\Documents\GOWIN-FPGA-Project\onekiwi_stopwatch\impl\pnr\onekiwi_stopwatch.pin.html" completed
Generate file "C:\Users\pchulaka\Desktop\Documents\GOWIN-FPGA-Project\onekiwi_stopwatch\impl\pnr\onekiwi_stopwatch.rpt.html" completed
Generate file "C:\Users\pchulaka\Desktop\Documents\GOWIN-FPGA-Project\onekiwi_stopwatch\impl\pnr\onekiwi_stopwatch.rpt.txt" completed
Generate file "C:\Users\pchulaka\Desktop\Documents\GOWIN-FPGA-Project\onekiwi_stopwatch\impl\pnr\onekiwi_stopwatch.tr.html" completed
Tue Aug  5 14:02:25 2025

